[00:12:14] [Server thread/WARN]: Can't keep up! Is the server overloaded? Running 12959ms or 259 ticks behind
[00:41:39] [Server thread/WARN]: Can't keep up! Is the server overloaded? Running 5707ms or 114 ticks behind
[02:24:04] [Server thread/WARN]: Can't keep up! Is the server overloaded? Running 5968ms or 119 ticks behind
[04:50:53] [Server thread/WARN]: Can't keep up! Is the server overloaded? Running 5364ms or 107 ticks behind
[05:00:48] [Server thread/WARN]: Can't keep up! Is the server overloaded? Running 6654ms or 133 ticks behind
[05:06:06] [Server thread/WARN]: Can't keep up! Is the server overloaded? Running 5103ms or 102 ticks behind
[05:26:10] [Server thread/WARN]: Can't keep up! Is the server overloaded? Running 5144ms or 102 ticks behind
[06:07:18] [Server thread/WARN]: Can't keep up! Is the server overloaded? Running 5578ms or 111 ticks behind
[06:21:23] [Server thread/WARN]: Can't keep up! Is the server overloaded? Running 6829ms or 136 ticks behind
[06:25:06] [Server thread/WARN]: Can't keep up! Is the server overloaded? Running 6274ms or 125 ticks behind
[06:26:34] [Server thread/WARN]: Can't keep up! Is the server overloaded? Running 5078ms or 101 ticks behind
[07:41:39] [Server thread/WARN]: Can't keep up! Is the server overloaded? Running 5291ms or 105 ticks behind
[08:31:45] [Server thread/WARN]: Can't keep up! Is the server overloaded? Running 5744ms or 114 ticks behind
[08:39:43] [Server thread/WARN]: Can't keep up! Is the server overloaded? Running 6543ms or 130 ticks behind
[08:40:35] [Server thread/WARN]: Can't keep up! Is the server overloaded? Running 5629ms or 112 ticks behind
[08:42:05] [Server thread/WARN]: Can't keep up! Is the server overloaded? Running 7647ms or 152 ticks behind
[10:12:12] [Server thread/WARN]: Can't keep up! Is the server overloaded? Running 5020ms or 100 ticks behind
[10:14:28] [Server thread/WARN]: Can't keep up! Is the server overloaded? Running 5362ms or 107 ticks behind
[10:15:04] [Server thread/WARN]: Can't keep up! Is the server overloaded? Running 6278ms or 125 ticks behind
[10:15:41] [Server thread/WARN]: Can't keep up! Is the server overloaded? Running 6905ms or 138 ticks behind
[10:17:37] [Server thread/WARN]: Can't keep up! Is the server overloaded? Running 9144ms or 182 ticks behind
[10:20:19] [Server thread/WARN]: Can't keep up! Is the server overloaded? Running 5077ms or 101 ticks behind
[10:24:02] [Server thread/WARN]: Can't keep up! Is the server overloaded? Running 5122ms or 102 ticks behind
[10:27:55] [Server thread/WARN]: Can't keep up! Is the server overloaded? Running 7695ms or 153 ticks behind
[10:43:00] [Server thread/WARN]: Can't keep up! Is the server overloaded? Running 5063ms or 101 ticks behind
[10:46:53] [Server thread/WARN]: Can't keep up! Is the server overloaded? Running 5069ms or 101 ticks behind
[10:53:15] [Server thread/WARN]: Can't keep up! Is the server overloaded? Running 9145ms or 182 ticks behind
[11:02:16] [Server thread/WARN]: Can't keep up! Is the server overloaded? Running 8377ms or 167 ticks behind
[11:03:29] [Server thread/WARN]: Can't keep up! Is the server overloaded? Running 6274ms or 125 ticks behind
[11:10:40] [Server thread/WARN]: Can't keep up! Is the server overloaded? Running 9757ms or 195 ticks behind
[11:13:48] [Server thread/WARN]: Can't keep up! Is the server overloaded? Running 6422ms or 128 ticks behind
[11:18:51] [Server thread/WARN]: Can't keep up! Is the server overloaded? Running 6038ms or 120 ticks behind
[11:21:02] [Server thread/WARN]: Can't keep up! Is the server overloaded? Running 5236ms or 104 ticks behind
[11:41:05] [Server thread/WARN]: Can't keep up! Is the server overloaded? Running 6339ms or 126 ticks behind
[11:54:10] [Server thread/WARN]: Can't keep up! Is the server overloaded? Running 7922ms or 158 ticks behind
[12:04:22] [Server thread/WARN]: Can't keep up! Is the server overloaded? Running 11524ms or 230 ticks behind
[12:04:59] [Server thread/WARN]: Can't keep up! Is the server overloaded? Running 7076ms or 141 ticks behind
[12:05:57] [Server thread/WARN]: Can't keep up! Is the server overloaded? Running 27101ms or 542 ticks behind
[12:06:37] [Server thread/WARN]: Can't keep up! Is the server overloaded? Running 11214ms or 224 ticks behind
[12:07:18] [Server thread/WARN]: Can't keep up! Is the server overloaded? Running 5204ms or 104 ticks behind
[12:07:54] [Server thread/WARN]: Can't keep up! Is the server overloaded? Running 6018ms or 120 ticks behind
[12:08:38] [Server thread/WARN]: Can't keep up! Is the server overloaded? Running 14433ms or 288 ticks behind
[12:09:14] [Server thread/WARN]: Can't keep up! Is the server overloaded? Running 6123ms or 122 ticks behind
[12:30:44] [Server thread/WARN]: Can't keep up! Is the server overloaded? Running 5622ms or 112 ticks behind
[12:40:46] [Server thread/WARN]: Can't keep up! Is the server overloaded? Running 5290ms or 105 ticks behind
[12:41:29] [Server thread/WARN]: Can't keep up! Is the server overloaded? Running 13793ms or 275 ticks behind
[12:52:02] [Server thread/WARN]: Can't keep up! Is the server overloaded? Running 5123ms or 102 ticks behind
[13:01:15] [Server thread/WARN]: Can't keep up! Is the server overloaded? Running 5835ms or 116 ticks behind
[13:03:04] [Server thread/WARN]: Can't keep up! Is the server overloaded? Running 5752ms or 115 ticks behind
[13:06:33] [Server thread/WARN]: Can't keep up! Is the server overloaded? Running 5633ms or 112 ticks behind
[13:11:32] [Server thread/WARN]: Can't keep up! Is the server overloaded? Running 6404ms or 128 ticks behind
[13:12:13] [Server thread/WARN]: Can't keep up! Is the server overloaded? Running 5080ms or 101 ticks behind
[13:12:56] [Server thread/WARN]: Can't keep up! Is the server overloaded? Running 6509ms or 130 ticks behind
[13:13:46] [Server thread/WARN]: Can't keep up! Is the server overloaded? Running 6552ms or 131 ticks behind
[13:14:23] [Server thread/WARN]: Can't keep up! Is the server overloaded? Running 6188ms or 123 ticks behind
[13:14:58] [Server thread/WARN]: Can't keep up! Is the server overloaded? Running 5095ms or 101 ticks behind
[13:17:07] [Server thread/WARN]: Can't keep up! Is the server overloaded? Running 6524ms or 130 ticks behind
[13:18:12] [Server thread/WARN]: Can't keep up! Is the server overloaded? Running 5439ms or 108 ticks behind
[13:22:18] [Server thread/WARN]: Can't keep up! Is the server overloaded? Running 5199ms or 103 ticks behind
[13:23:10] [Server thread/WARN]: Can't keep up! Is the server overloaded? Running 7238ms or 144 ticks behind
[13:24:22] [Server thread/WARN]: Can't keep up! Is the server overloaded? Running 7272ms or 145 ticks behind
[13:26:44] [Server thread/WARN]: Can't keep up! Is the server overloaded? Running 5083ms or 101 ticks behind
[13:27:44] [Server thread/WARN]: Can't keep up! Is the server overloaded? Running 6300ms or 126 ticks behind
[13:28:43] [Server thread/WARN]: Can't keep up! Is the server overloaded? Running 6061ms or 121 ticks behind
[13:32:57] [Server thread/WARN]: Can't keep up! Is the server overloaded? Running 5047ms or 100 ticks behind
[13:38:01] [Server thread/WARN]: Can't keep up! Is the server overloaded? Running 5987ms or 119 ticks behind
[13:39:06] [Server thread/WARN]: Can't keep up! Is the server overloaded? Running 5355ms or 107 ticks behind
[13:40:33] [Server thread/WARN]: Can't keep up! Is the server overloaded? Running 5291ms or 105 ticks behind
[14:00:32] [Server thread/WARN]: Can't keep up! Is the server overloaded? Running 5561ms or 111 ticks behind
[14:03:26] [Server thread/WARN]: Can't keep up! Is the server overloaded? Running 5132ms or 102 ticks behind
[14:04:19] [Server thread/WARN]: Can't keep up! Is the server overloaded? Running 5108ms or 102 ticks behind
[14:06:57] [Server thread/WARN]: Can't keep up! Is the server overloaded? Running 5321ms or 106 ticks behind
[14:08:41] [Server thread/WARN]: Can't keep up! Is the server overloaded? Running 6862ms or 137 ticks behind
[14:12:36] [Server thread/WARN]: Can't keep up! Is the server overloaded? Running 5721ms or 114 ticks behind
[14:13:55] [Server thread/WARN]: Can't keep up! Is the server overloaded? Running 7211ms or 144 ticks behind
[14:23:59] [Server thread/WARN]: Can't keep up! Is the server overloaded? Running 5570ms or 111 ticks behind
[14:29:03] [Server thread/WARN]: Can't keep up! Is the server overloaded? Running 5391ms or 107 ticks behind
[14:37:30] [Server thread/WARN]: Can't keep up! Is the server overloaded? Running 6697ms or 133 ticks behind
[14:39:23] [Server thread/WARN]: Can't keep up! Is the server overloaded? Running 9997ms or 199 ticks behind
[14:40:17] [Server thread/WARN]: Can't keep up! Is the server overloaded? Running 5919ms or 118 ticks behind
[14:40:56] [Server thread/WARN]: Can't keep up! Is the server overloaded? Running 9311ms or 186 ticks behind
[14:41:35] [Server thread/WARN]: Can't keep up! Is the server overloaded? Running 9223ms or 184 ticks behind
[14:42:33] [Server thread/WARN]: Can't keep up! Is the server overloaded? Running 7213ms or 144 ticks behind
[14:43:14] [Server thread/WARN]: Can't keep up! Is the server overloaded? Running 5110ms or 102 ticks behind
[14:45:03] [Server thread/WARN]: Can't keep up! Is the server overloaded? Running 6507ms or 130 ticks behind
[14:47:09] [Server thread/WARN]: Can't keep up! Is the server overloaded? Running 5287ms or 105 ticks behind
[14:48:10] [Server thread/WARN]: Can't keep up! Is the server overloaded? Running 5178ms or 103 ticks behind
[14:50:18] [Server thread/WARN]: Can't keep up! Is the server overloaded? Running 7249ms or 144 ticks behind
[14:55:26] [Server thread/WARN]: Can't keep up! Is the server overloaded? Running 5352ms or 107 ticks behind
[15:01:40] [Server thread/WARN]: Can't keep up! Is the server overloaded? Running 5302ms or 106 ticks behind
[15:02:25] [Server thread/WARN]: Can't keep up! Is the server overloaded? Running 5575ms or 111 ticks behind
[15:03:02] [Server thread/WARN]: Can't keep up! Is the server overloaded? Running 6839ms or 136 ticks behind
[15:05:49] [Server thread/WARN]: Can't keep up! Is the server overloaded? Running 5193ms or 103 ticks behind
[15:14:27] [Server thread/WARN]: Can't keep up! Is the server overloaded? Running 5115ms or 102 ticks behind
[15:26:00] [Server thread/WARN]: Can't keep up! Is the server overloaded? Running 5533ms or 110 ticks behind
[16:05:36] [Server thread/WARN]: Can't keep up! Is the server overloaded? Running 5158ms or 103 ticks behind
[16:06:14] [Server thread/WARN]: Can't keep up! Is the server overloaded? Running 7599ms or 151 ticks behind
[16:08:12] [Server thread/WARN]: Can't keep up! Is the server overloaded? Running 5060ms or 101 ticks behind
[16:09:06] [Server thread/WARN]: Can't keep up! Is the server overloaded? Running 5575ms or 111 ticks behind
[16:16:28] [Server thread/WARN]: Can't keep up! Is the server overloaded? Running 5103ms or 102 ticks behind
[16:18:06] [Server thread/WARN]: Can't keep up! Is the server overloaded? Running 5216ms or 104 ticks behind
[16:24:24] [Server thread/WARN]: Can't keep up! Is the server overloaded? Running 7965ms or 159 ticks behind
[16:25:51] [Server thread/WARN]: Can't keep up! Is the server overloaded? Running 7365ms or 147 ticks behind
[16:43:00] [Server thread/WARN]: Can't keep up! Is the server overloaded? Running 6115ms or 122 ticks behind
[16:44:58] [Server thread/WARN]: Can't keep up! Is the server overloaded? Running 5486ms or 109 ticks behind
[16:46:00] [Server thread/WARN]: Can't keep up! Is the server overloaded? Running 5210ms or 104 ticks behind
[16:46:38] [Server thread/WARN]: Can't keep up! Is the server overloaded? Running 5369ms or 107 ticks behind
[16:47:22] [Server thread/WARN]: Can't keep up! Is the server overloaded? Running 5663ms or 113 ticks behind
[16:48:21] [Server thread/WARN]: Can't keep up! Is the server overloaded? Running 5258ms or 105 ticks behind
[16:57:32] [Server thread/WARN]: Can't keep up! Is the server overloaded? Running 6477ms or 129 ticks behind
[17:02:38] [Server thread/WARN]: Can't keep up! Is the server overloaded? Running 9370ms or 187 ticks behind
[17:03:32] [Server thread/WARN]: Can't keep up! Is the server overloaded? Running 23930ms or 478 ticks behind
[17:04:12] [Server thread/WARN]: Can't keep up! Is the server overloaded? Running 10273ms or 205 ticks behind
[17:05:49] [Server thread/WARN]: Can't keep up! Is the server overloaded? Running 6154ms or 123 ticks behind
[17:06:25] [Server thread/WARN]: Can't keep up! Is the server overloaded? Running 6038ms or 120 ticks behind
[17:07:08] [Server thread/WARN]: Can't keep up! Is the server overloaded? Running 7227ms or 144 ticks behind
[17:07:57] [Server thread/WARN]: Can't keep up! Is the server overloaded? Running 8257ms or 165 ticks behind
[17:08:37] [Server thread/WARN]: Can't keep up! Is the server overloaded? Running 10540ms or 210 ticks behind
[17:17:25] [Server thread/WARN]: Can't keep up! Is the server overloaded? Running 5050ms or 101 ticks behind
[17:18:40] [Server thread/WARN]: Can't keep up! Is the server overloaded? Running 5981ms or 119 ticks behind
[17:19:16] [Server thread/WARN]: Can't keep up! Is the server overloaded? Running 5301ms or 106 ticks behind
[17:19:54] [Server thread/WARN]: Can't keep up! Is the server overloaded? Running 7975ms or 159 ticks behind
[17:20:52] [Server thread/WARN]: Can't keep up! Is the server overloaded? Running 6877ms or 137 ticks behind
[17:24:27] [Server thread/WARN]: Can't keep up! Is the server overloaded? Running 5007ms or 100 ticks behind
[17:30:12] [Server thread/WARN]: Can't keep up! Is the server overloaded? Running 6610ms or 132 ticks behind
[17:32:27] [Server thread/WARN]: Can't keep up! Is the server overloaded? Running 5506ms or 110 ticks behind
[17:33:08] [Server thread/WARN]: Can't keep up! Is the server overloaded? Running 5181ms or 103 ticks behind
[17:33:45] [Server thread/WARN]: Can't keep up! Is the server overloaded? Running 5034ms or 100 ticks behind
[17:34:57] [Server thread/WARN]: Can't keep up! Is the server overloaded? Running 6318ms or 126 ticks behind
[17:39:59] [Server thread/WARN]: Can't keep up! Is the server overloaded? Running 5040ms or 100 ticks behind
[17:50:10] [Server thread/WARN]: Can't keep up! Is the server overloaded? Running 7588ms or 151 ticks behind
[17:50:49] [Server thread/WARN]: Can't keep up! Is the server overloaded? Running 6657ms or 133 ticks behind
[17:52:05] [Server thread/WARN]: Can't keep up! Is the server overloaded? Running 5482ms or 109 ticks behind
[17:52:41] [Server thread/WARN]: Can't keep up! Is the server overloaded? Running 6036ms or 120 ticks behind
[17:54:02] [Server thread/WARN]: Can't keep up! Is the server overloaded? Running 6562ms or 131 ticks behind
[17:55:40] [Server thread/WARN]: Can't keep up! Is the server overloaded? Running 6883ms or 137 ticks behind
[18:00:45] [Server thread/WARN]: Can't keep up! Is the server overloaded? Running 6823ms or 136 ticks behind
[18:08:46] [Server thread/WARN]: Can't keep up! Is the server overloaded? Running 5718ms or 114 ticks behind
[18:09:24] [Server thread/WARN]: Can't keep up! Is the server overloaded? Running 5530ms or 110 ticks behind
[18:10:31] [Server thread/WARN]: Can't keep up! Is the server overloaded? Running 5045ms or 100 ticks behind
[18:11:10] [Server thread/WARN]: Can't keep up! Is the server overloaded? Running 9452ms or 189 ticks behind
[18:11:47] [Server thread/WARN]: Can't keep up! Is the server overloaded? Running 6480ms or 129 ticks behind
[18:12:23] [Server thread/WARN]: Can't keep up! Is the server overloaded? Running 6459ms or 129 ticks behind
[18:13:01] [Server thread/WARN]: Can't keep up! Is the server overloaded? Running 8264ms or 165 ticks behind
[18:13:46] [Server thread/WARN]: Can't keep up! Is the server overloaded? Running 5281ms or 105 ticks behind
[18:15:17] [Server thread/WARN]: Can't keep up! Is the server overloaded? Running 7028ms or 140 ticks behind
[18:16:15] [Server thread/WARN]: Can't keep up! Is the server overloaded? Running 5456ms or 109 ticks behind
[18:16:57] [Server thread/WARN]: Can't keep up! Is the server overloaded? Running 7407ms or 148 ticks behind
[18:17:38] [Server thread/WARN]: Can't keep up! Is the server overloaded? Running 10962ms or 219 ticks behind
[18:18:28] [Server thread/WARN]: Can't keep up! Is the server overloaded? Running 20163ms or 403 ticks behind
[18:19:14] [Server thread/WARN]: Can't keep up! Is the server overloaded? Running 15969ms or 319 ticks behind
[18:19:52] [Server thread/WARN]: Can't keep up! Is the server overloaded? Running 7819ms or 156 ticks behind
[18:20:41] [Server thread/WARN]: Can't keep up! Is the server overloaded? Running 19508ms or 390 ticks behind
[18:21:42] [Server thread/WARN]: Can't keep up! Is the server overloaded? Running 30577ms or 611 ticks behind
[18:22:42] [Server thread/WARN]: Can't keep up! Is the server overloaded? Running 29962ms or 599 ticks behind
[18:24:08] [Server thread/WARN]: Can't keep up! Is the server overloaded? Running 55257ms or 1105 ticks behind
[18:25:07] [Server thread/WARN]: Can't keep up! Is the server overloaded? Running 30283ms or 605 ticks behind
[18:25:42] [Server thread/WARN]: Can't keep up! Is the server overloaded? Running 5209ms or 104 ticks behind
[18:26:27] [Server thread/WARN]: Can't keep up! Is the server overloaded? Running 10755ms or 215 ticks behind
[18:40:54] [Server thread/WARN]: Can't keep up! Is the server overloaded? Running 6329ms or 126 ticks behind
[18:41:32] [Server thread/WARN]: Can't keep up! Is the server overloaded? Running 7859ms or 157 ticks behind
[18:42:14] [Server thread/WARN]: Can't keep up! Is the server overloaded? Running 8872ms or 177 ticks behind
[18:43:17] [Server thread/WARN]: Can't keep up! Is the server overloaded? Running 6241ms or 124 ticks behind
[18:51:28] [Server thread/WARN]: Can't keep up! Is the server overloaded? Running 5543ms or 110 ticks behind
[18:56:56] [Server thread/WARN]: Can't keep up! Is the server overloaded? Running 5389ms or 107 ticks behind
[18:57:37] [Server thread/WARN]: Can't keep up! Is the server overloaded? Running 6939ms or 138 ticks behind
[18:59:00] [Server thread/WARN]: Can't keep up! Is the server overloaded? Running 5559ms or 111 ticks behind
[19:14:09] [Server thread/WARN]: Can't keep up! Is the server overloaded? Running 6636ms or 132 ticks behind
[19:15:26] [Server thread/WARN]: Can't keep up! Is the server overloaded? Running 6719ms or 134 ticks behind
[19:16:22] [Server thread/WARN]: Can't keep up! Is the server overloaded? Running 7255ms or 145 ticks behind
[19:17:01] [Server thread/WARN]: Can't keep up! Is the server overloaded? Running 5449ms or 108 ticks behind
[19:17:53] [Server thread/WARN]: Can't keep up! Is the server overloaded? Running 5114ms or 102 ticks behind
[19:18:51] [Server thread/WARN]: Can't keep up! Is the server overloaded? Running 5088ms or 101 ticks behind
[19:19:40] [Server thread/WARN]: Can't keep up! Is the server overloaded? Running 8288ms or 165 ticks behind
[19:22:07] [Server thread/WARN]: Can't keep up! Is the server overloaded? Running 5002ms or 100 ticks behind
[19:22:43] [Server thread/WARN]: Can't keep up! Is the server overloaded? Running 5291ms or 105 ticks behind
[19:23:28] [Server thread/WARN]: Can't keep up! Is the server overloaded? Running 5055ms or 101 ticks behind
[19:24:45] [Server thread/WARN]: Can't keep up! Is the server overloaded? Running 5314ms or 106 ticks behind
[19:27:59] [Server thread/WARN]: Can't keep up! Is the server overloaded? Running 5164ms or 103 ticks behind
[19:33:03] [Server thread/WARN]: Can't keep up! Is the server overloaded? Running 6251ms or 125 ticks behind
[19:34:35] [Server thread/WARN]: Can't keep up! Is the server overloaded? Running 11258ms or 225 ticks behind
[19:36:10] [Server thread/WARN]: Can't keep up! Is the server overloaded? Running 8353ms or 167 ticks behind
[19:37:21] [Server thread/WARN]: Can't keep up! Is the server overloaded? Running 6727ms or 134 ticks behind
[19:38:36] [Server thread/WARN]: Can't keep up! Is the server overloaded? Running 5717ms or 114 ticks behind
[19:39:26] [Server thread/WARN]: Can't keep up! Is the server overloaded? Running 6363ms or 127 ticks behind
[19:41:04] [Server thread/WARN]: Can't keep up! Is the server overloaded? Running 5217ms or 104 ticks behind
[19:41:40] [Server thread/WARN]: Can't keep up! Is the server overloaded? Running 5250ms or 105 ticks behind
[19:42:48] [Server thread/WARN]: Can't keep up! Is the server overloaded? Running 5046ms or 100 ticks behind
[19:43:43] [Server thread/WARN]: Can't keep up! Is the server overloaded? Running 5535ms or 110 ticks behind
[19:44:48] [Server thread/WARN]: Can't keep up! Is the server overloaded? Running 5499ms or 109 ticks behind
[19:46:11] [Server thread/WARN]: Can't keep up! Is the server overloaded? Running 5149ms or 102 ticks behind
[19:49:23] [Server thread/WARN]: Can't keep up! Is the server overloaded? Running 5097ms or 101 ticks behind
[19:50:01] [Server thread/WARN]: Can't keep up! Is the server overloaded? Running 7766ms or 155 ticks behind
[19:52:58] [Server thread/WARN]: Can't keep up! Is the server overloaded? Running 5130ms or 102 ticks behind
[19:53:40] [Server thread/WARN]: Can't keep up! Is the server overloaded? Running 6284ms or 125 ticks behind
[19:54:23] [Server thread/WARN]: Can't keep up! Is the server overloaded? Running 5782ms or 115 ticks behind
[19:55:02] [Server thread/WARN]: Can't keep up! Is the server overloaded? Running 9008ms or 180 ticks behind
[19:58:05] [Server thread/WARN]: Can't keep up! Is the server overloaded? Running 5033ms or 100 ticks behind
[19:59:10] [Server thread/WARN]: Can't keep up! Is the server overloaded? Running 5293ms or 105 ticks behind
[20:00:34] [Server thread/WARN]: Can't keep up! Is the server overloaded? Running 6157ms or 123 ticks behind
[20:01:24] [Server thread/WARN]: Can't keep up! Is the server overloaded? Running 19737ms or 394 ticks behind
[20:02:16] [Server thread/WARN]: Can't keep up! Is the server overloaded? Running 21440ms or 428 ticks behind
[20:02:58] [Server thread/WARN]: Can't keep up! Is the server overloaded? Running 5355ms or 107 ticks behind
[20:03:53] [Server thread/WARN]: Can't keep up! Is the server overloaded? Running 24083ms or 481 ticks behind
[20:04:32] [Server thread/WARN]: Can't keep up! Is the server overloaded? Running 9799ms or 195 ticks behind
[20:05:20] [Server thread/WARN]: Can't keep up! Is the server overloaded? Running 17409ms or 348 ticks behind
[20:06:12] [Server thread/WARN]: Can't keep up! Is the server overloaded? Running 21956ms or 439 ticks behind
[20:06:56] [Server thread/WARN]: Can't keep up! Is the server overloaded? Running 14170ms or 283 ticks behind
[20:08:22] [Server thread/WARN]: Can't keep up! Is the server overloaded? Running 56613ms or 1132 ticks behind
[20:09:11] [Server thread/WARN]: Can't keep up! Is the server overloaded? Running 18360ms or 367 ticks behind
[20:10:16] [Server thread/WARN]: Can't keep up! Is the server overloaded? Running 35310ms or 706 ticks behind
[20:10:59] [Server thread/WARN]: Can't keep up! Is the server overloaded? Running 13300ms or 266 ticks behind
[20:11:35] [Server thread/WARN]: Can't keep up! Is the server overloaded? Running 6069ms or 121 ticks behind
[20:12:12] [Server thread/WARN]: Can't keep up! Is the server overloaded? Running 6592ms or 131 ticks behind
[20:14:43] [Server thread/WARN]: Can't keep up! Is the server overloaded? Running 5133ms or 102 ticks behind
[20:15:33] [Server thread/WARN]: Can't keep up! Is the server overloaded? Running 5492ms or 109 ticks behind
[20:16:10] [Server thread/WARN]: Can't keep up! Is the server overloaded? Running 5080ms or 101 ticks behind
[20:25:02] [Server thread/WARN]: Can't keep up! Is the server overloaded? Running 8347ms or 166 ticks behind
[20:26:01] [Server thread/WARN]: Can't keep up! Is the server overloaded? Running 5160ms or 103 ticks behind
[20:27:35] [Server thread/WARN]: Can't keep up! Is the server overloaded? Running 6570ms or 131 ticks behind
[20:30:15] [Server thread/WARN]: Can't keep up! Is the server overloaded? Running 5348ms or 106 ticks behind
[20:34:25] [Server thread/WARN]: Can't keep up! Is the server overloaded? Running 5102ms or 102 ticks behind
[20:35:06] [Server thread/WARN]: Can't keep up! Is the server overloaded? Running 5778ms or 115 ticks behind
[20:35:51] [Server thread/WARN]: Can't keep up! Is the server overloaded? Running 14105ms or 282 ticks behind
[20:38:10] [Server thread/WARN]: Can't keep up! Is the server overloaded? Running 5940ms or 118 ticks behind
[20:38:50] [Server thread/WARN]: Can't keep up! Is the server overloaded? Running 7630ms or 152 ticks behind
[20:41:05] [Server thread/WARN]: Can't keep up! Is the server overloaded? Running 5120ms or 102 ticks behind
[20:42:14] [Server thread/WARN]: Can't keep up! Is the server overloaded? Running 5589ms or 111 ticks behind
[20:51:41] [Server thread/WARN]: Can't keep up! Is the server overloaded? Running 5464ms or 109 ticks behind
[20:53:07] [Server thread/WARN]: Can't keep up! Is the server overloaded? Running 5156ms or 103 ticks behind
[21:21:24] [Server thread/WARN]: Can't keep up! Is the server overloaded? Running 5269ms or 105 ticks behind
[21:26:34] [Server thread/WARN]: Can't keep up! Is the server overloaded? Running 10506ms or 210 ticks behind
[21:31:39] [Server thread/WARN]: Can't keep up! Is the server overloaded? Running 5934ms or 118 ticks behind
[21:35:09] [Server thread/WARN]: Can't keep up! Is the server overloaded? Running 6596ms or 131 ticks behind
[21:36:53] [Server thread/WARN]: Can't keep up! Is the server overloaded? Running 5119ms or 102 ticks behind
[21:41:57] [Server thread/WARN]: Can't keep up! Is the server overloaded? Running 5658ms or 113 ticks behind
[21:43:41] [Server thread/WARN]: Can't keep up! Is the server overloaded? Running 5020ms or 100 ticks behind
[21:45:24] [Server thread/WARN]: Can't keep up! Is the server overloaded? Running 5724ms or 114 ticks behind
[21:47:16] [Server thread/WARN]: Can't keep up! Is the server overloaded? Running 7479ms or 149 ticks behind
[21:57:23] [Server thread/WARN]: Can't keep up! Is the server overloaded? Running 8612ms or 172 ticks behind
[21:58:19] [Server thread/WARN]: Can't keep up! Is the server overloaded? Running 5559ms or 111 ticks behind
[21:58:59] [Server thread/WARN]: Can't keep up! Is the server overloaded? Running 9346ms or 186 ticks behind
[22:00:30] [Server thread/WARN]: Can't keep up! Is the server overloaded? Running 5376ms or 107 ticks behind
[22:01:12] [Server thread/WARN]: Can't keep up! Is the server overloaded? Running 5908ms or 118 ticks behind
[22:01:57] [Server thread/WARN]: Can't keep up! Is the server overloaded? Running 5996ms or 119 ticks behind
[22:02:35] [Server thread/WARN]: Can't keep up! Is the server overloaded? Running 5137ms or 102 ticks behind
[22:04:00] [Server thread/WARN]: Can't keep up! Is the server overloaded? Running 6006ms or 120 ticks behind
[22:05:02] [Server thread/WARN]: Can't keep up! Is the server overloaded? Running 5666ms or 113 ticks behind
[22:07:20] [Server thread/WARN]: Can't keep up! Is the server overloaded? Running 5315ms or 106 ticks behind
[22:08:23] [Server thread/WARN]: Can't keep up! Is the server overloaded? Running 5230ms or 104 ticks behind
[22:08:59] [Server thread/WARN]: Can't keep up! Is the server overloaded? Running 5033ms or 100 ticks behind
[22:15:12] [Server thread/WARN]: Can't keep up! Is the server overloaded? Running 5121ms or 102 ticks behind
[22:17:43] [Server thread/WARN]: Can't keep up! Is the server overloaded? Running 5043ms or 100 ticks behind
[22:18:46] [Server thread/WARN]: Can't keep up! Is the server overloaded? Running 6431ms or 128 ticks behind
[22:22:07] [Server thread/WARN]: Can't keep up! Is the server overloaded? Running 5280ms or 105 ticks behind
[22:23:56] [Server thread/WARN]: Can't keep up! Is the server overloaded? Running 6358ms or 127 ticks behind
[22:25:21] [Server thread/WARN]: Can't keep up! Is the server overloaded? Running 5414ms or 108 ticks behind
[22:29:09] [Server thread/WARN]: Can't keep up! Is the server overloaded? Running 6585ms or 131 ticks behind
[22:49:22] [Server thread/WARN]: Can't keep up! Is the server overloaded? Running 5094ms or 101 ticks behind
[23:00:22] [Server thread/WARN]: Can't keep up! Is the server overloaded? Running 5223ms or 104 ticks behind
[23:02:00] [Server thread/WARN]: Can't keep up! Is the server overloaded? Running 5197ms or 103 ticks behind
[23:02:45] [Server thread/WARN]: Can't keep up! Is the server overloaded? Running 8194ms or 163 ticks behind
[23:03:20] [Server thread/WARN]: Can't keep up! Is the server overloaded? Running 5313ms or 106 ticks behind
[23:04:03] [Server thread/WARN]: Can't keep up! Is the server overloaded? Running 13498ms or 269 ticks behind
[23:04:39] [Server thread/WARN]: Can't keep up! Is the server overloaded? Running 6079ms or 121 ticks behind
[23:06:09] [Server Watchdog/FATAL]: A single server tick took 60.01 seconds (should be max 0.05)
[23:06:20] [Server Watchdog/FATAL]: Considering it to be crashed, server will forcibly shutdown.
[23:06:36] [Server thread/WARN]: Can't keep up! Is the server overloaded? Running 86704ms or 1734 ticks behind
[23:08:31] [Server thread/WARN]: Can't keep up! Is the server overloaded? Running 84996ms or 1699 ticks behind
[23:10:05] [Server Watchdog/ERROR]: This crash report has been saved to: /data/./crash-reports/crash-2021-06-03_23.09.53-server.txt
[23:10:13] [Thread-1/INFO]: Stopping server
